<?xml version="1.0" encoding="UTF-8"?>
<testsuite xmlns:xsi="http://www.w3.org/2001/XMLSchema-instance" xsi:noNamespaceSchemaLocation="https://maven.apache.org/surefire/maven-surefire-plugin/xsd/surefire-test-report.xsd" version="3.0.2" name="com.arn.ycyw.your_car_your_way.YcywApplicationTests" time="6.46" tests="1" errors="0" skipped="0" failures="0">
  <properties>
[...]
</properties>
  <testcase name="contextLoads" classname="com.arn.ycyw.your_car_your_way.YcywApplicationTests" time="0.007">
    <system-out><![CDATA[01:51:21.195 [main] INFO org.springframework.test.context.support.AnnotationConfigContextLoaderUtils -- Could not detect default configuration classes for test class [com.arn.ycyw.your_car_your_way.YcywApplicationTests]: YcywApplicationTests does not declare any static, non-private, non-final, nested classes annotated with @Configuration.
01:51:21.288 [main] INFO org.springframework.boot.test.context.SpringBootTestContextBootstrapper -- Found @SpringBootConfiguration com.arn.ycyw.your_car_your_way.YcywApplication for test class com.arn.ycyw.your_car_your_way.YcywApplicationTests

  .   ____          _            __ _ _
 /\\ / ___'_ __ _ _(_)_ __  __ _ \ \ \ \
( ( )\___ | '_ | '_| | '_ \/ _` | \ \ \ \
 \\/  ___)| |_)| | | | | || (_| |  ) ) ) )
  '  |____| .__|_| |_|_| |_\__, | / / / /
 =========|_|==============|___/=/_/_/_/

 :: Spring Boot ::                (v4.0.0)

2026-02-01T01:51:21.714+01:00  INFO 29132 --- [your_car_your_way] [           main] c.a.y.y.YcywApplicationTests             : Starting YcywApplicationTests using Java 22.0.1 with PID 29132 (started by deris in C:\Dossier_a_concerver\OC\DA-JAVA-ANGULAR\P13\backend)
2026-02-01T01:51:21.715+01:00  INFO 29132 --- [your_car_your_way] [           main] c.a.y.y.YcywApplicationTests             : No active profile set, falling back to 1 default profile: "default"
2026-02-01T01:51:22.868+01:00  INFO 29132 --- [your_car_your_way] [           main] .s.d.r.c.RepositoryConfigurationDelegate : Bootstrapping Spring Data JPA repositories in DEFAULT mode.
2026-02-01T01:51:22.932+01:00  INFO 29132 --- [your_car_your_way] [           main] .s.d.r.c.RepositoryConfigurationDelegate : Finished Spring Data repository scanning in 54 ms. Found 3 JPA repository interfaces.
2026-02-01T01:51:23.586+01:00  INFO 29132 --- [your_car_your_way] [           main] o.hibernate.jpa.internal.util.LogHelper  : HHH000204: Processing PersistenceUnitInfo [name: default]
2026-02-01T01:51:23.728+01:00  INFO 29132 --- [your_car_your_way] [           main] org.hibernate.Version                    : HHH000412: Hibernate ORM core version 7.1.8.Final
2026-02-01T01:51:24.056+01:00  INFO 29132 --- [your_car_your_way] [           main] o.s.o.j.p.SpringPersistenceUnitInfo      : No LoadTimeWeaver setup: ignoring JPA class transformer
2026-02-01T01:51:24.091+01:00  INFO 29132 --- [your_car_your_way] [           main] com.zaxxer.hikari.HikariDataSource       : HikariPool-1 - Starting...
2026-02-01T01:51:24.267+01:00  INFO 29132 --- [your_car_your_way] [           main] com.zaxxer.hikari.pool.HikariPool        : HikariPool-1 - Added connection org.postgresql.jdbc.PgConnection@7bb888b7
2026-02-01T01:51:24.269+01:00  INFO 29132 --- [your_car_your_way] [           main] com.zaxxer.hikari.HikariDataSource       : HikariPool-1 - Start completed.
2026-02-01T01:51:24.310+01:00  WARN 29132 --- [your_car_your_way] [           main] org.hibernate.orm.deprecation            : HHH90000025: PostgreSQLDialect does not need to be specified explicitly using 'hibernate.dialect' (remove the property setting and it will be selected by default)
2026-02-01T01:51:24.334+01:00  INFO 29132 --- [your_car_your_way] [           main] org.hibernate.orm.connections.pooling    : HHH10001005: Database info:
	Database JDBC URL [jdbc:postgresql://localhost:5432/ycyw]
	Database driver: PostgreSQL JDBC Driver
	Database dialect: PostgreSQLDialect
	Database version: 15.15
	Default catalog/schema: ycyw/public
	Autocommit mode: undefined/unknown
	Isolation level: READ_COMMITTED [default READ_COMMITTED]
	JDBC fetch size: none
	Pool: DatasourceConnectionProviderImpl
	Minimum pool size: undefined/unknown
	Maximum pool size: undefined/unknown
2026-02-01T01:51:25.236+01:00  INFO 29132 --- [your_car_your_way] [           main] o.h.e.t.j.p.i.JtaPlatformInitiator       : HHH000489: No JTA platform available (set 'hibernate.transaction.jta.platform' to enable JTA platform integration)
Hibernate: create table conversations (id integer generated by default as identity, created_at timestamp(6), status varchar(255) check ((status in ('OPEN','CLOSED','PENDING'))), subject varchar(255), updated_at timestamp(6), customer_id integer not null, employee_id integer, primary key (id))
Hibernate: create table messages (id integer generated by default as identity, content TEXT not null, is_read boolean, sent_at timestamp(6), conversation_id integer not null, sender_id integer not null, primary key (id))
Hibernate: create table users (id integer generated by default as identity, creation_date timestamp(6), date_of_birth timestamp(6), email varchar(255), first_name varchar(255), last_name varchar(255), password varchar(255), role varchar(255) check ((role in ('USER','EMPLOYEE','ADMIN'))), username varchar(255), verification_status varchar(255) check ((verification_status in ('NONE','PENDING','VERIFIED','REJECTED'))), verification_token varchar(255), primary key (id))
Hibernate: alter table if exists conversations add constraint FKaim02rk3jmh6iu2532wid9ukn foreign key (customer_id) references users
Hibernate: alter table if exists conversations add constraint FKi96rdeyfmku3clgg6srmfsi2k foreign key (employee_id) references users
Hibernate: alter table if exists messages add constraint FKt492th6wsovh1nush5yl5jj8e foreign key (conversation_id) references conversations
Hibernate: alter table if exists messages add constraint FK4ui4nnwntodh6wjvck53dbk9m foreign key (sender_id) references users
2026-02-01T01:51:25.300+01:00  INFO 29132 --- [your_car_your_way] [           main] j.LocalContainerEntityManagerFactoryBean : Initialized JPA EntityManagerFactory for persistence unit 'default'
2026-02-01T01:51:25.379+01:00  INFO 29132 --- [your_car_your_way] [           main] o.s.d.j.r.query.QueryEnhancerFactories   : Hibernate is in classpath; If applicable, HQL parser will be used.
2026-02-01T01:51:25.564+01:00  INFO 29132 --- [your_car_your_way] [           main] r$InitializeUserDetailsManagerConfigurer : Global AuthenticationManager configured with UserDetailsService bean with name customUserDetailsService
2026-02-01T01:51:26.648+01:00  WARN 29132 --- [your_car_your_way] [           main] JpaBaseConfiguration$JpaWebConfiguration : spring.jpa.open-in-view is enabled by default. Therefore, database queries may be performed during view rendering. Explicitly configure spring.jpa.open-in-view to disable this warning
2026-02-01T01:51:27.449+01:00  INFO 29132 --- [your_car_your_way] [           main] o.s.m.s.b.SimpleBrokerMessageHandler     : Starting...
2026-02-01T01:51:27.450+01:00  INFO 29132 --- [your_car_your_way] [           main] o.s.m.s.b.SimpleBrokerMessageHandler     : BrokerAvailabilityEvent[available=true, SimpleBrokerMessageHandler [org.springframework.messaging.simp.broker.DefaultSubscriptionRegistry@5c15c93a]]
2026-02-01T01:51:27.450+01:00  INFO 29132 --- [your_car_your_way] [           main] o.s.m.s.b.SimpleBrokerMessageHandler     : Started.
2026-02-01T01:51:27.454+01:00  INFO 29132 --- [your_car_your_way] [           main] c.a.y.y.YcywApplicationTests             : Started YcywApplicationTests in 6.049 seconds (process running for 8.588)
2026-02-01T01:51:27.457+01:00  WARN 29132 --- [your_car_your_way] [           main] o.s.core.events.SpringDocAppInitializer  : SpringDoc /v3/api-docs endpoint is enabled by default. To disable it in production, set the property 'springdoc.api-docs.enabled=false'
2026-02-01T01:51:27.457+01:00  WARN 29132 --- [your_car_your_way] [           main] o.s.core.events.SpringDocAppInitializer  : SpringDoc /swagger-ui.html endpoint is enabled by default. To disable it in production, set the property 'springdoc.swagger-ui.enabled=false'
]]></system-out>
  </testcase>
</testsuite>