<?xml version="1.0" encoding="UTF-8"?>
<testsuite xmlns:xsi="http://www.w3.org/2001/XMLSchema-instance" xsi:noNamespaceSchemaLocation="https://maven.apache.org/surefire/maven-surefire-plugin/xsd/surefire-test-report.xsd" version="3.0.2" name="com.arn.ycyw.your_car_your_way.services.impl.UserServiceImplTest" time="1.402" tests="0" errors="0" skipped="0" failures="0">
  <properties>
[...]
</properties>
  <testcase name="deleteWithPassword_WithNonExistingUser_ShouldThrowNotFoundException" classname="Tests de suppression avec mot de passe" time="1.131">
    <system-err><![CDATA[Mockito is currently self-attaching to enable the inline-mock-maker. This will no longer work in future releases of the JDK. Please add Mockito as an agent to your build as described in Mockito's documentation: https://javadoc.io/doc/org.mockito/mockito-core/latest/org.mockito/org/mockito/Mockito.html#0.3
WARNING: A Java agent has been loaded dynamically (C:\Users\deris\.m2\repository\net\bytebuddy\byte-buddy-agent\1.17.8\byte-buddy-agent-1.17.8.jar)
WARNING: If a serviceability tool is in use, please run with -XX:+EnableDynamicAgentLoading to hide this warning
WARNING: If a serviceability tool is not in use, please run with -Djdk.instrument.traceUsage for more information
WARNING: Dynamic loading of agents will be disallowed by default in a future release
]]></system-err>
  </testcase>
  <testcase name="deleteWithPassword_ShouldValidatePassword(String, String)[1]" classname="Tests de suppression avec mot de passe" time="0.041"/>
  <testcase name="deleteWithPassword_ShouldValidatePassword(String, String)[2]" classname="Tests de suppression avec mot de passe" time="0.004"/>
  <testcase name="save_WithDifferentRoles_ShouldSetCorrectVerificationStatus(Role, VerificationStatus)[1]" classname="Tests de creation d&apos;utilisateur" time="0.046"/>
  <testcase name="save_WithDifferentRoles_ShouldSetCorrectVerificationStatus(Role, VerificationStatus)[2]" classname="Tests de creation d&apos;utilisateur" time="0.003"/>
  <testcase name="save_WithVariousEmails_ShouldHandleCorrectly(String, boolean)[1]" classname="Tests de creation d&apos;utilisateur" time="0.008"/>
  <testcase name="save_WithVariousEmails_ShouldHandleCorrectly(String, boolean)[2]" classname="Tests de creation d&apos;utilisateur" time="0.004"/>
  <testcase name="save_WithVariousEmails_ShouldHandleCorrectly(String, boolean)[3]" classname="Tests de creation d&apos;utilisateur" time="0.002"/>
  <testcase name="save_WithAdminRole_ShouldThrowForbiddenException" classname="Tests de creation d&apos;utilisateur" time="0.002"/>
  <testcase name="save_WithExistingEmail_ShouldThrowConflictException" classname="Tests de creation d&apos;utilisateur" time="0.004"/>
  <testcase name="verifyEmployee_WithInvalidToken_ShouldThrowNotFoundException" classname="Tests de verification des employes" time="0.003"/>
  <testcase name="verifyEmployee_WithDifferentDecisions_ShouldSetCorrectStatus(boolean, VerificationStatus)[1]" classname="Tests de verification des employes" time="0.014"/>
  <testcase name="verifyEmployee_WithDifferentDecisions_ShouldSetCorrectStatus(boolean, VerificationStatus)[2]" classname="Tests de verification des employes" time="0.008"/>
  <testcase name="verifyEmployee_WithNonPendingStatus_ShouldThrowBadRequest(VerificationStatus)[1]" classname="Tests de verification des employes" time="0.003"/>
  <testcase name="verifyEmployee_WithNonPendingStatus_ShouldThrowBadRequest(VerificationStatus)[2]" classname="Tests de verification des employes" time="0.004"/>
  <testcase name="verifyEmployee_WithNonPendingStatus_ShouldThrowBadRequest(VerificationStatus)[3]" classname="Tests de verification des employes" time="0.003"/>
</testsuite>